#-----------------------------------------------------------
# Vivado v2018.2.1 (64-bit)
# SW Build 2288692 on Thu Jul 26 18:24:02 MDT 2018
# IP Build 2289599 on Thu Jul 26 21:09:20 MDT 2018
# Start of session at: Fri Apr 26 09:27:57 2019
# Process ID: 8196
# Current directory: Z:/CS-401-1-CompArch/MP3/CU_DPU
# Command line: vivado.exe -gui_launcher_event rodinguilauncherevent788 Z:\CS-401-1-CompArch\MP3\CU_DPU\CU_DPU.xpr
# Log file: Z:/CS-401-1-CompArch/MP3/CU_DPU/vivado.log
# Journal file: Z:/CS-401-1-CompArch/MP3/CU_DPU\vivado.jou
#-----------------------------------------------------------
start_gui
open_project Z:/CS-401-1-CompArch/MP3/CU_DPU/CU_DPU.xpr
Scanning sources...
Finished scanning sources
INFO: [IP_Flow 19-234] Refreshing IP repositories
INFO: [IP_Flow 19-1704] No user IP repositories specified
INFO: [IP_Flow 19-2313] Loaded Vivado IP repository 'C:/Xilinx/Vivado/2018.2/data/ip'.
open_project: Time (s): cpu = 00:00:09 ; elapsed = 00:00:05 . Memory (MB): peak = 752.820 ; gain = 36.617
update_compile_order -fileset sources_1
exit
INFO: [Common 17-206] Exiting Vivado at Fri Apr 26 10:24:08 2019...
