#-----------------------------------------------------------
# Vivado v2018.2.1 (64-bit)
# SW Build 2288692 on Thu Jul 26 18:24:02 MDT 2018
# IP Build 2289599 on Thu Jul 26 21:09:20 MDT 2018
# Start of session at: Wed May  1 21:35:56 2019
# Process ID: 516
# Current directory: Z:/CS-401-1-CompArch/MP3/CU_DPU
# Command line: vivado.exe -gui_launcher_event rodinguilauncherevent5508 Z:\CS-401-1-CompArch\MP3\CU_DPU\CU_DPU.xpr
# Log file: Z:/CS-401-1-CompArch/MP3/CU_DPU/vivado.log
# Journal file: Z:/CS-401-1-CompArch/MP3/CU_DPU\vivado.jou
#-----------------------------------------------------------
start_gui
open_project Z:/CS-401-1-CompArch/MP3/CU_DPU/CU_DPU.xpr
Scanning sources...
Finished scanning sources
INFO: [IP_Flow 19-234] Refreshing IP repositories
INFO: [IP_Flow 19-1704] No user IP repositories specified
INFO: [IP_Flow 19-2313] Loaded Vivado IP repository 'C:/Xilinx/Vivado/2018.2/data/ip'.
open_project: Time (s): cpu = 00:00:08 ; elapsed = 00:00:05 . Memory (MB): peak = 747.133 ; gain = 50.148
update_compile_order -fileset sources_1
launch_runs synth_1 -jobs 8
[Thu May  2 01:17:19 2019] Launched synth_1...
Run output will be captured here: Z:/CS-401-1-CompArch/MP3/CU_DPU/CU_DPU.runs/synth_1/runme.log
synth_design -rtl -name rtl_1
Command: synth_design -rtl -name rtl_1
Starting synth_design
Using part: xc7a100tcsg324-1
Top: processor_top
---------------------------------------------------------------------------------
Starting RTL Elaboration : Time (s): cpu = 00:00:03 ; elapsed = 00:00:03 . Memory (MB): peak = 896.910 ; gain = 100.531
---------------------------------------------------------------------------------
INFO: [Synth 8-638] synthesizing module 'processor_top' [Z:/CS-401-1-CompArch/MP3/CU_DPU/CU_DPU.srcs/sources_1/new/processor_top.vhd:18]
	Parameter width bound to: 32 - type: integer 
INFO: [Synth 8-3491] module 'processor' declared at 'Z:/CS-401-1-CompArch/MP3/CU_DPU/CU_DPU.srcs/sources_1/new/processor.vhd:14' bound to instance 'processor1' of component 'processor' [Z:/CS-401-1-CompArch/MP3/CU_DPU/CU_DPU.srcs/sources_1/new/processor_top.vhd:54]
INFO: [Synth 8-638] synthesizing module 'processor' [Z:/CS-401-1-CompArch/MP3/CU_DPU/CU_DPU.srcs/sources_1/new/processor.vhd:29]
	Parameter width bound to: 32 - type: integer 
INFO: [Synth 8-3491] module 'control_unit' declared at 'Z:/CS-401-1-CompArch/MP3/CU_DPU/CU_DPU.srcs/sources_1/new/control_unit.vhd:5' bound to instance 'cont' of component 'control_unit' [Z:/CS-401-1-CompArch/MP3/CU_DPU/CU_DPU.srcs/sources_1/new/processor.vhd:59]
INFO: [Synth 8-638] synthesizing module 'control_unit' [Z:/CS-401-1-CompArch/MP3/CU_DPU/CU_DPU.srcs/sources_1/new/control_unit.vhd:15]
INFO: [Synth 8-3491] module 'main_decoder' declared at 'Z:/CS-401-1-CompArch/MP3/CU_DPU/CU_DPU.srcs/sources_1/new/main_decoder.vhd:6' bound to instance 'main_dc' of component 'main_decoder' [Z:/CS-401-1-CompArch/MP3/CU_DPU/CU_DPU.srcs/sources_1/new/control_unit.vhd:29]
INFO: [Synth 8-638] synthesizing module 'main_decoder' [Z:/CS-401-1-CompArch/MP3/CU_DPU/CU_DPU.srcs/sources_1/new/main_decoder.vhd:16]
INFO: [Synth 8-256] done synthesizing module 'main_decoder' (1#1) [Z:/CS-401-1-CompArch/MP3/CU_DPU/CU_DPU.srcs/sources_1/new/main_decoder.vhd:16]
INFO: [Synth 8-256] done synthesizing module 'control_unit' (2#1) [Z:/CS-401-1-CompArch/MP3/CU_DPU/CU_DPU.srcs/sources_1/new/control_unit.vhd:15]
	Parameter width bound to: 32 - type: integer 
INFO: [Synth 8-3491] module 'data_path' declared at 'Z:/CS-401-1-CompArch/MP3/CU_DPU/CU_DPU.srcs/sources_1/new/data_path.vhd:7' bound to instance 'dp' of component 'data_path' [Z:/CS-401-1-CompArch/MP3/CU_DPU/CU_DPU.srcs/sources_1/new/processor.vhd:66]
INFO: [Synth 8-638] synthesizing module 'data_path' [Z:/CS-401-1-CompArch/MP3/CU_DPU/CU_DPU.srcs/sources_1/new/data_path.vhd:22]
	Parameter width bound to: 32 - type: integer 
	Parameter width bound to: 32 - type: integer 
INFO: [Synth 8-3491] module 'flopr' declared at 'Z:/CS-401-1-CompArch/MP3/CU_DPU/CU_DPU.srcs/sources_1/new/flipflop.vhd:5' bound to instance 'pcreg' of component 'flopr' [Z:/CS-401-1-CompArch/MP3/CU_DPU/CU_DPU.srcs/sources_1/new/data_path.vhd:85]
INFO: [Synth 8-638] synthesizing module 'flopr' [Z:/CS-401-1-CompArch/MP3/CU_DPU/CU_DPU.srcs/sources_1/new/flipflop.vhd:12]
	Parameter width bound to: 32 - type: integer 
INFO: [Synth 8-256] done synthesizing module 'flopr' (3#1) [Z:/CS-401-1-CompArch/MP3/CU_DPU/CU_DPU.srcs/sources_1/new/flipflop.vhd:12]
	Parameter width bound to: 32 - type: integer 
INFO: [Synth 8-3491] module 'adder' declared at 'Z:/CS-401-1-CompArch/MP3/CU_DPU/CU_DPU.srcs/sources_1/new/adder.vhd:7' bound to instance 'pcadd1' of component 'adder' [Z:/CS-401-1-CompArch/MP3/CU_DPU/CU_DPU.srcs/sources_1/new/data_path.vhd:86]
INFO: [Synth 8-638] synthesizing module 'adder' [Z:/CS-401-1-CompArch/MP3/CU_DPU/CU_DPU.srcs/sources_1/new/adder.vhd:13]
	Parameter width bound to: 32 - type: integer 
INFO: [Synth 8-256] done synthesizing module 'adder' (4#1) [Z:/CS-401-1-CompArch/MP3/CU_DPU/CU_DPU.srcs/sources_1/new/adder.vhd:13]
	Parameter width bound to: 32 - type: integer 
INFO: [Synth 8-3491] module 'adder' declared at 'Z:/CS-401-1-CompArch/MP3/CU_DPU/CU_DPU.srcs/sources_1/new/adder.vhd:7' bound to instance 'pcadd2' of component 'adder' [Z:/CS-401-1-CompArch/MP3/CU_DPU/CU_DPU.srcs/sources_1/new/data_path.vhd:88]
	Parameter width bound to: 32 - type: integer 
INFO: [Synth 8-3491] module 'mux2' declared at 'Z:/CS-401-1-CompArch/MP3/CU_DPU/CU_DPU.srcs/sources_1/new/mux2.vhd:4' bound to instance 'pcbrmux' of component 'mux2' [Z:/CS-401-1-CompArch/MP3/CU_DPU/CU_DPU.srcs/sources_1/new/data_path.vhd:89]
INFO: [Synth 8-638] synthesizing module 'mux2' [Z:/CS-401-1-CompArch/MP3/CU_DPU/CU_DPU.srcs/sources_1/new/mux2.vhd:11]
	Parameter width bound to: 32 - type: integer 
INFO: [Synth 8-256] done synthesizing module 'mux2' (5#1) [Z:/CS-401-1-CompArch/MP3/CU_DPU/CU_DPU.srcs/sources_1/new/mux2.vhd:11]
	Parameter width bound to: 32 - type: integer 
INFO: [Synth 8-3491] module 'mux2' declared at 'Z:/CS-401-1-CompArch/MP3/CU_DPU/CU_DPU.srcs/sources_1/new/mux2.vhd:4' bound to instance 'pcmux' of component 'mux2' [Z:/CS-401-1-CompArch/MP3/CU_DPU/CU_DPU.srcs/sources_1/new/data_path.vhd:90]
	Parameter width bound to: 32 - type: integer 
INFO: [Synth 8-3491] module 'regfile' declared at 'Z:/CS-401-1-CompArch/MP3/CU_DPU/CU_DPU.srcs/sources_1/new/registerfile.vhd:11' bound to instance 'rf' of component 'regfile' [Z:/CS-401-1-CompArch/MP3/CU_DPU/CU_DPU.srcs/sources_1/new/data_path.vhd:93]
INFO: [Synth 8-638] synthesizing module 'regfile' [Z:/CS-401-1-CompArch/MP3/CU_DPU/CU_DPU.srcs/sources_1/new/registerfile.vhd:22]
	Parameter width bound to: 32 - type: integer 
INFO: [Synth 8-256] done synthesizing module 'regfile' (6#1) [Z:/CS-401-1-CompArch/MP3/CU_DPU/CU_DPU.srcs/sources_1/new/registerfile.vhd:22]
	Parameter width bound to: 8 - type: integer 
INFO: [Synth 8-3491] module 'mux2' declared at 'Z:/CS-401-1-CompArch/MP3/CU_DPU/CU_DPU.srcs/sources_1/new/mux2.vhd:4' bound to instance 'wrmux' of component 'mux2' [Z:/CS-401-1-CompArch/MP3/CU_DPU/CU_DPU.srcs/sources_1/new/data_path.vhd:100]
INFO: [Synth 8-638] synthesizing module 'mux2__parameterized2' [Z:/CS-401-1-CompArch/MP3/CU_DPU/CU_DPU.srcs/sources_1/new/mux2.vhd:11]
	Parameter width bound to: 8 - type: integer 
INFO: [Synth 8-256] done synthesizing module 'mux2__parameterized2' (6#1) [Z:/CS-401-1-CompArch/MP3/CU_DPU/CU_DPU.srcs/sources_1/new/mux2.vhd:11]
	Parameter width bound to: 32 - type: integer 
INFO: [Synth 8-3491] module 'mux2' declared at 'Z:/CS-401-1-CompArch/MP3/CU_DPU/CU_DPU.srcs/sources_1/new/mux2.vhd:4' bound to instance 'resmux' of component 'mux2' [Z:/CS-401-1-CompArch/MP3/CU_DPU/CU_DPU.srcs/sources_1/new/data_path.vhd:104]
	Parameter width bound to: 32 - type: integer 
INFO: [Synth 8-3491] module 'signext' declared at 'Z:/CS-401-1-CompArch/MP3/CU_DPU/CU_DPU.srcs/sources_1/new/signextender.vhd:5' bound to instance 'se' of component 'signext' [Z:/CS-401-1-CompArch/MP3/CU_DPU/CU_DPU.srcs/sources_1/new/data_path.vhd:108]
INFO: [Synth 8-638] synthesizing module 'signext' [Z:/CS-401-1-CompArch/MP3/CU_DPU/CU_DPU.srcs/sources_1/new/signextender.vhd:11]
	Parameter width bound to: 32 - type: integer 
INFO: [Synth 8-256] done synthesizing module 'signext' (7#1) [Z:/CS-401-1-CompArch/MP3/CU_DPU/CU_DPU.srcs/sources_1/new/signextender.vhd:11]
	Parameter width bound to: 32 - type: integer 
INFO: [Synth 8-3491] module 'mux2' declared at 'Z:/CS-401-1-CompArch/MP3/CU_DPU/CU_DPU.srcs/sources_1/new/mux2.vhd:4' bound to instance 'srcbmux' of component 'mux2' [Z:/CS-401-1-CompArch/MP3/CU_DPU/CU_DPU.srcs/sources_1/new/data_path.vhd:111]
	Parameter width bound to: 32 - type: integer 
INFO: [Synth 8-3491] module 'alu' declared at 'Z:/CS-401-1-CompArch/MP3/CU_DPU/CU_DPU.srcs/sources_1/new/alu.vhd:11' bound to instance 'mainalu' of component 'alu' [Z:/CS-401-1-CompArch/MP3/CU_DPU/CU_DPU.srcs/sources_1/new/data_path.vhd:115]
INFO: [Synth 8-638] synthesizing module 'alu' [Z:/CS-401-1-CompArch/MP3/CU_DPU/CU_DPU.srcs/sources_1/new/alu.vhd:21]
	Parameter width bound to: 32 - type: integer 
INFO: [Synth 8-256] done synthesizing module 'alu' (8#1) [Z:/CS-401-1-CompArch/MP3/CU_DPU/CU_DPU.srcs/sources_1/new/alu.vhd:21]
WARNING: [Synth 8-3848] Net signimmsh in module/entity data_path does not have driver. [Z:/CS-401-1-CompArch/MP3/CU_DPU/CU_DPU.srcs/sources_1/new/data_path.vhd:73]
INFO: [Synth 8-256] done synthesizing module 'data_path' (9#1) [Z:/CS-401-1-CompArch/MP3/CU_DPU/CU_DPU.srcs/sources_1/new/data_path.vhd:22]
INFO: [Synth 8-256] done synthesizing module 'processor' (10#1) [Z:/CS-401-1-CompArch/MP3/CU_DPU/CU_DPU.srcs/sources_1/new/processor.vhd:29]
	Parameter width bound to: 32 - type: integer 
INFO: [Synth 8-3491] module 'imem' declared at 'Z:/CS-401-1-CompArch/MP3/CU_DPU/CU_DPU.srcs/sources_1/new/mem_instructions.vhd:10' bound to instance 'imem1' of component 'imem' [Z:/CS-401-1-CompArch/MP3/CU_DPU/CU_DPU.srcs/sources_1/new/processor_top.vhd:57]
INFO: [Synth 8-638] synthesizing module 'imem' [Z:/CS-401-1-CompArch/MP3/CU_DPU/CU_DPU.srcs/sources_1/new/mem_instructions.vhd:16]
	Parameter width bound to: 32 - type: integer 
ERROR: [Synth 8-3302] unable to open file 'hexfile.dat' in 'r' mode [Z:/CS-401-1-CompArch/MP3/CU_DPU/CU_DPU.srcs/sources_1/new/mem_instructions.vhd:27]
ERROR: [Synth 8-421] mismatched array sizes in rhs and lhs of assignment [Z:/CS-401-1-CompArch/MP3/CU_DPU/CU_DPU.srcs/sources_1/new/mem_instructions.vhd:64]
ERROR: [Synth 8-285] failed synthesizing module 'imem' [Z:/CS-401-1-CompArch/MP3/CU_DPU/CU_DPU.srcs/sources_1/new/mem_instructions.vhd:16]
ERROR: [Synth 8-285] failed synthesizing module 'processor_top' [Z:/CS-401-1-CompArch/MP3/CU_DPU/CU_DPU.srcs/sources_1/new/processor_top.vhd:18]
---------------------------------------------------------------------------------
Finished RTL Elaboration : Time (s): cpu = 00:00:03 ; elapsed = 00:00:04 . Memory (MB): peak = 951.199 ; gain = 154.820
---------------------------------------------------------------------------------
RTL Elaboration failed
40 Infos, 1 Warnings, 0 Critical Warnings and 5 Errors encountered.
synth_design failed
ERROR: [Vivado_Tcl 4-5] Elaboration failed - please see the console for details
reset_run synth_1
synth_design -rtl -name rtl_1
Command: synth_design -rtl -name rtl_1
Starting synth_design
Using part: xc7a100tcsg324-1
Top: processor_top
---------------------------------------------------------------------------------
Starting RTL Elaboration : Time (s): cpu = 00:00:02 ; elapsed = 00:00:02 . Memory (MB): peak = 951.199 ; gain = 0.000
---------------------------------------------------------------------------------
INFO: [Synth 8-638] synthesizing module 'processor_top' [Z:/CS-401-1-CompArch/MP3/CU_DPU/CU_DPU.srcs/sources_1/new/processor_top.vhd:18]
	Parameter width bound to: 32 - type: integer 
INFO: [Synth 8-3491] module 'processor' declared at 'Z:/CS-401-1-CompArch/MP3/CU_DPU/CU_DPU.srcs/sources_1/new/processor.vhd:14' bound to instance 'processor1' of component 'processor' [Z:/CS-401-1-CompArch/MP3/CU_DPU/CU_DPU.srcs/sources_1/new/processor_top.vhd:54]
INFO: [Synth 8-638] synthesizing module 'processor' [Z:/CS-401-1-CompArch/MP3/CU_DPU/CU_DPU.srcs/sources_1/new/processor.vhd:29]
	Parameter width bound to: 32 - type: integer 
INFO: [Synth 8-3491] module 'control_unit' declared at 'Z:/CS-401-1-CompArch/MP3/CU_DPU/CU_DPU.srcs/sources_1/new/control_unit.vhd:5' bound to instance 'cont' of component 'control_unit' [Z:/CS-401-1-CompArch/MP3/CU_DPU/CU_DPU.srcs/sources_1/new/processor.vhd:59]
INFO: [Synth 8-638] synthesizing module 'control_unit' [Z:/CS-401-1-CompArch/MP3/CU_DPU/CU_DPU.srcs/sources_1/new/control_unit.vhd:15]
INFO: [Synth 8-3491] module 'main_decoder' declared at 'Z:/CS-401-1-CompArch/MP3/CU_DPU/CU_DPU.srcs/sources_1/new/main_decoder.vhd:6' bound to instance 'main_dc' of component 'main_decoder' [Z:/CS-401-1-CompArch/MP3/CU_DPU/CU_DPU.srcs/sources_1/new/control_unit.vhd:29]
INFO: [Synth 8-638] synthesizing module 'main_decoder' [Z:/CS-401-1-CompArch/MP3/CU_DPU/CU_DPU.srcs/sources_1/new/main_decoder.vhd:16]
INFO: [Synth 8-256] done synthesizing module 'main_decoder' (1#1) [Z:/CS-401-1-CompArch/MP3/CU_DPU/CU_DPU.srcs/sources_1/new/main_decoder.vhd:16]
INFO: [Synth 8-256] done synthesizing module 'control_unit' (2#1) [Z:/CS-401-1-CompArch/MP3/CU_DPU/CU_DPU.srcs/sources_1/new/control_unit.vhd:15]
	Parameter width bound to: 32 - type: integer 
INFO: [Synth 8-3491] module 'data_path' declared at 'Z:/CS-401-1-CompArch/MP3/CU_DPU/CU_DPU.srcs/sources_1/new/data_path.vhd:7' bound to instance 'dp' of component 'data_path' [Z:/CS-401-1-CompArch/MP3/CU_DPU/CU_DPU.srcs/sources_1/new/processor.vhd:66]
INFO: [Synth 8-638] synthesizing module 'data_path' [Z:/CS-401-1-CompArch/MP3/CU_DPU/CU_DPU.srcs/sources_1/new/data_path.vhd:22]
	Parameter width bound to: 32 - type: integer 
	Parameter width bound to: 32 - type: integer 
INFO: [Synth 8-3491] module 'flopr' declared at 'Z:/CS-401-1-CompArch/MP3/CU_DPU/CU_DPU.srcs/sources_1/new/flipflop.vhd:5' bound to instance 'pcreg' of component 'flopr' [Z:/CS-401-1-CompArch/MP3/CU_DPU/CU_DPU.srcs/sources_1/new/data_path.vhd:85]
INFO: [Synth 8-638] synthesizing module 'flopr' [Z:/CS-401-1-CompArch/MP3/CU_DPU/CU_DPU.srcs/sources_1/new/flipflop.vhd:12]
	Parameter width bound to: 32 - type: integer 
INFO: [Synth 8-256] done synthesizing module 'flopr' (3#1) [Z:/CS-401-1-CompArch/MP3/CU_DPU/CU_DPU.srcs/sources_1/new/flipflop.vhd:12]
	Parameter width bound to: 32 - type: integer 
INFO: [Synth 8-3491] module 'adder' declared at 'Z:/CS-401-1-CompArch/MP3/CU_DPU/CU_DPU.srcs/sources_1/new/adder.vhd:7' bound to instance 'pcadd1' of component 'adder' [Z:/CS-401-1-CompArch/MP3/CU_DPU/CU_DPU.srcs/sources_1/new/data_path.vhd:86]
INFO: [Synth 8-638] synthesizing module 'adder' [Z:/CS-401-1-CompArch/MP3/CU_DPU/CU_DPU.srcs/sources_1/new/adder.vhd:13]
	Parameter width bound to: 32 - type: integer 
INFO: [Synth 8-256] done synthesizing module 'adder' (4#1) [Z:/CS-401-1-CompArch/MP3/CU_DPU/CU_DPU.srcs/sources_1/new/adder.vhd:13]
	Parameter width bound to: 32 - type: integer 
INFO: [Synth 8-3491] module 'adder' declared at 'Z:/CS-401-1-CompArch/MP3/CU_DPU/CU_DPU.srcs/sources_1/new/adder.vhd:7' bound to instance 'pcadd2' of component 'adder' [Z:/CS-401-1-CompArch/MP3/CU_DPU/CU_DPU.srcs/sources_1/new/data_path.vhd:88]
	Parameter width bound to: 32 - type: integer 
INFO: [Synth 8-3491] module 'mux2' declared at 'Z:/CS-401-1-CompArch/MP3/CU_DPU/CU_DPU.srcs/sources_1/new/mux2.vhd:4' bound to instance 'pcbrmux' of component 'mux2' [Z:/CS-401-1-CompArch/MP3/CU_DPU/CU_DPU.srcs/sources_1/new/data_path.vhd:89]
INFO: [Synth 8-638] synthesizing module 'mux2' [Z:/CS-401-1-CompArch/MP3/CU_DPU/CU_DPU.srcs/sources_1/new/mux2.vhd:11]
	Parameter width bound to: 32 - type: integer 
INFO: [Synth 8-256] done synthesizing module 'mux2' (5#1) [Z:/CS-401-1-CompArch/MP3/CU_DPU/CU_DPU.srcs/sources_1/new/mux2.vhd:11]
	Parameter width bound to: 32 - type: integer 
INFO: [Synth 8-3491] module 'mux2' declared at 'Z:/CS-401-1-CompArch/MP3/CU_DPU/CU_DPU.srcs/sources_1/new/mux2.vhd:4' bound to instance 'pcmux' of component 'mux2' [Z:/CS-401-1-CompArch/MP3/CU_DPU/CU_DPU.srcs/sources_1/new/data_path.vhd:90]
	Parameter width bound to: 32 - type: integer 
INFO: [Synth 8-3491] module 'regfile' declared at 'Z:/CS-401-1-CompArch/MP3/CU_DPU/CU_DPU.srcs/sources_1/new/registerfile.vhd:11' bound to instance 'rf' of component 'regfile' [Z:/CS-401-1-CompArch/MP3/CU_DPU/CU_DPU.srcs/sources_1/new/data_path.vhd:93]
INFO: [Synth 8-638] synthesizing module 'regfile' [Z:/CS-401-1-CompArch/MP3/CU_DPU/CU_DPU.srcs/sources_1/new/registerfile.vhd:22]
	Parameter width bound to: 32 - type: integer 
INFO: [Synth 8-256] done synthesizing module 'regfile' (6#1) [Z:/CS-401-1-CompArch/MP3/CU_DPU/CU_DPU.srcs/sources_1/new/registerfile.vhd:22]
	Parameter width bound to: 8 - type: integer 
INFO: [Synth 8-3491] module 'mux2' declared at 'Z:/CS-401-1-CompArch/MP3/CU_DPU/CU_DPU.srcs/sources_1/new/mux2.vhd:4' bound to instance 'wrmux' of component 'mux2' [Z:/CS-401-1-CompArch/MP3/CU_DPU/CU_DPU.srcs/sources_1/new/data_path.vhd:100]
INFO: [Synth 8-638] synthesizing module 'mux2__parameterized2' [Z:/CS-401-1-CompArch/MP3/CU_DPU/CU_DPU.srcs/sources_1/new/mux2.vhd:11]
	Parameter width bound to: 8 - type: integer 
INFO: [Synth 8-256] done synthesizing module 'mux2__parameterized2' (6#1) [Z:/CS-401-1-CompArch/MP3/CU_DPU/CU_DPU.srcs/sources_1/new/mux2.vhd:11]
	Parameter width bound to: 32 - type: integer 
INFO: [Synth 8-3491] module 'mux2' declared at 'Z:/CS-401-1-CompArch/MP3/CU_DPU/CU_DPU.srcs/sources_1/new/mux2.vhd:4' bound to instance 'resmux' of component 'mux2' [Z:/CS-401-1-CompArch/MP3/CU_DPU/CU_DPU.srcs/sources_1/new/data_path.vhd:104]
	Parameter width bound to: 32 - type: integer 
INFO: [Synth 8-3491] module 'signext' declared at 'Z:/CS-401-1-CompArch/MP3/CU_DPU/CU_DPU.srcs/sources_1/new/signextender.vhd:5' bound to instance 'se' of component 'signext' [Z:/CS-401-1-CompArch/MP3/CU_DPU/CU_DPU.srcs/sources_1/new/data_path.vhd:108]
INFO: [Synth 8-638] synthesizing module 'signext' [Z:/CS-401-1-CompArch/MP3/CU_DPU/CU_DPU.srcs/sources_1/new/signextender.vhd:11]
	Parameter width bound to: 32 - type: integer 
INFO: [Synth 8-256] done synthesizing module 'signext' (7#1) [Z:/CS-401-1-CompArch/MP3/CU_DPU/CU_DPU.srcs/sources_1/new/signextender.vhd:11]
	Parameter width bound to: 32 - type: integer 
INFO: [Synth 8-3491] module 'mux2' declared at 'Z:/CS-401-1-CompArch/MP3/CU_DPU/CU_DPU.srcs/sources_1/new/mux2.vhd:4' bound to instance 'srcbmux' of component 'mux2' [Z:/CS-401-1-CompArch/MP3/CU_DPU/CU_DPU.srcs/sources_1/new/data_path.vhd:111]
	Parameter width bound to: 32 - type: integer 
INFO: [Synth 8-3491] module 'alu' declared at 'Z:/CS-401-1-CompArch/MP3/CU_DPU/CU_DPU.srcs/sources_1/new/alu.vhd:11' bound to instance 'mainalu' of component 'alu' [Z:/CS-401-1-CompArch/MP3/CU_DPU/CU_DPU.srcs/sources_1/new/data_path.vhd:115]
INFO: [Synth 8-638] synthesizing module 'alu' [Z:/CS-401-1-CompArch/MP3/CU_DPU/CU_DPU.srcs/sources_1/new/alu.vhd:21]
	Parameter width bound to: 32 - type: integer 
INFO: [Synth 8-256] done synthesizing module 'alu' (8#1) [Z:/CS-401-1-CompArch/MP3/CU_DPU/CU_DPU.srcs/sources_1/new/alu.vhd:21]
WARNING: [Synth 8-3848] Net signimmsh in module/entity data_path does not have driver. [Z:/CS-401-1-CompArch/MP3/CU_DPU/CU_DPU.srcs/sources_1/new/data_path.vhd:73]
INFO: [Synth 8-256] done synthesizing module 'data_path' (9#1) [Z:/CS-401-1-CompArch/MP3/CU_DPU/CU_DPU.srcs/sources_1/new/data_path.vhd:22]
INFO: [Synth 8-256] done synthesizing module 'processor' (10#1) [Z:/CS-401-1-CompArch/MP3/CU_DPU/CU_DPU.srcs/sources_1/new/processor.vhd:29]
	Parameter width bound to: 32 - type: integer 
INFO: [Synth 8-3491] module 'imem' declared at 'Z:/CS-401-1-CompArch/MP3/CU_DPU/CU_DPU.srcs/sources_1/new/mem_instructions.vhd:10' bound to instance 'imem1' of component 'imem' [Z:/CS-401-1-CompArch/MP3/CU_DPU/CU_DPU.srcs/sources_1/new/processor_top.vhd:57]
INFO: [Synth 8-638] synthesizing module 'imem' [Z:/CS-401-1-CompArch/MP3/CU_DPU/CU_DPU.srcs/sources_1/new/mem_instructions.vhd:16]
	Parameter width bound to: 32 - type: integer 
ERROR: [Synth 8-3302] unable to open file 'hexfile.dat' in 'r' mode [Z:/CS-401-1-CompArch/MP3/CU_DPU/CU_DPU.srcs/sources_1/new/mem_instructions.vhd:27]
ERROR: [Synth 8-421] mismatched array sizes in rhs and lhs of assignment [Z:/CS-401-1-CompArch/MP3/CU_DPU/CU_DPU.srcs/sources_1/new/mem_instructions.vhd:64]
ERROR: [Synth 8-285] failed synthesizing module 'imem' [Z:/CS-401-1-CompArch/MP3/CU_DPU/CU_DPU.srcs/sources_1/new/mem_instructions.vhd:16]
ERROR: [Synth 8-285] failed synthesizing module 'processor_top' [Z:/CS-401-1-CompArch/MP3/CU_DPU/CU_DPU.srcs/sources_1/new/processor_top.vhd:18]
---------------------------------------------------------------------------------
Finished RTL Elaboration : Time (s): cpu = 00:00:03 ; elapsed = 00:00:03 . Memory (MB): peak = 965.953 ; gain = 14.754
---------------------------------------------------------------------------------
RTL Elaboration failed
40 Infos, 1 Warnings, 0 Critical Warnings and 5 Errors encountered.
synth_design failed
ERROR: [Vivado_Tcl 4-5] Elaboration failed - please see the console for details
synth_design -rtl -name rtl_1
Command: synth_design -rtl -name rtl_1
Starting synth_design
Using part: xc7a100tcsg324-1
Top: processor_top
---------------------------------------------------------------------------------
Starting RTL Elaboration : Time (s): cpu = 00:00:03 ; elapsed = 00:00:02 . Memory (MB): peak = 965.953 ; gain = 0.000
---------------------------------------------------------------------------------
INFO: [Synth 8-638] synthesizing module 'processor_top' [Z:/CS-401-1-CompArch/MP3/CU_DPU/CU_DPU.srcs/sources_1/new/processor_top.vhd:18]
	Parameter width bound to: 32 - type: integer 
INFO: [Synth 8-3491] module 'processor' declared at 'Z:/CS-401-1-CompArch/MP3/CU_DPU/CU_DPU.srcs/sources_1/new/processor.vhd:14' bound to instance 'processor1' of component 'processor' [Z:/CS-401-1-CompArch/MP3/CU_DPU/CU_DPU.srcs/sources_1/new/processor_top.vhd:54]
INFO: [Synth 8-638] synthesizing module 'processor' [Z:/CS-401-1-CompArch/MP3/CU_DPU/CU_DPU.srcs/sources_1/new/processor.vhd:29]
	Parameter width bound to: 32 - type: integer 
INFO: [Synth 8-3491] module 'control_unit' declared at 'Z:/CS-401-1-CompArch/MP3/CU_DPU/CU_DPU.srcs/sources_1/new/control_unit.vhd:5' bound to instance 'cont' of component 'control_unit' [Z:/CS-401-1-CompArch/MP3/CU_DPU/CU_DPU.srcs/sources_1/new/processor.vhd:59]
INFO: [Synth 8-638] synthesizing module 'control_unit' [Z:/CS-401-1-CompArch/MP3/CU_DPU/CU_DPU.srcs/sources_1/new/control_unit.vhd:15]
INFO: [Synth 8-3491] module 'main_decoder' declared at 'Z:/CS-401-1-CompArch/MP3/CU_DPU/CU_DPU.srcs/sources_1/new/main_decoder.vhd:6' bound to instance 'main_dc' of component 'main_decoder' [Z:/CS-401-1-CompArch/MP3/CU_DPU/CU_DPU.srcs/sources_1/new/control_unit.vhd:29]
INFO: [Synth 8-638] synthesizing module 'main_decoder' [Z:/CS-401-1-CompArch/MP3/CU_DPU/CU_DPU.srcs/sources_1/new/main_decoder.vhd:16]
INFO: [Synth 8-256] done synthesizing module 'main_decoder' (1#1) [Z:/CS-401-1-CompArch/MP3/CU_DPU/CU_DPU.srcs/sources_1/new/main_decoder.vhd:16]
INFO: [Synth 8-256] done synthesizing module 'control_unit' (2#1) [Z:/CS-401-1-CompArch/MP3/CU_DPU/CU_DPU.srcs/sources_1/new/control_unit.vhd:15]
	Parameter width bound to: 32 - type: integer 
INFO: [Synth 8-3491] module 'data_path' declared at 'Z:/CS-401-1-CompArch/MP3/CU_DPU/CU_DPU.srcs/sources_1/new/data_path.vhd:7' bound to instance 'dp' of component 'data_path' [Z:/CS-401-1-CompArch/MP3/CU_DPU/CU_DPU.srcs/sources_1/new/processor.vhd:66]
INFO: [Synth 8-638] synthesizing module 'data_path' [Z:/CS-401-1-CompArch/MP3/CU_DPU/CU_DPU.srcs/sources_1/new/data_path.vhd:22]
	Parameter width bound to: 32 - type: integer 
	Parameter width bound to: 32 - type: integer 
INFO: [Synth 8-3491] module 'flopr' declared at 'Z:/CS-401-1-CompArch/MP3/CU_DPU/CU_DPU.srcs/sources_1/new/flipflop.vhd:5' bound to instance 'pcreg' of component 'flopr' [Z:/CS-401-1-CompArch/MP3/CU_DPU/CU_DPU.srcs/sources_1/new/data_path.vhd:85]
INFO: [Synth 8-638] synthesizing module 'flopr' [Z:/CS-401-1-CompArch/MP3/CU_DPU/CU_DPU.srcs/sources_1/new/flipflop.vhd:12]
	Parameter width bound to: 32 - type: integer 
INFO: [Synth 8-256] done synthesizing module 'flopr' (3#1) [Z:/CS-401-1-CompArch/MP3/CU_DPU/CU_DPU.srcs/sources_1/new/flipflop.vhd:12]
	Parameter width bound to: 32 - type: integer 
INFO: [Synth 8-3491] module 'adder' declared at 'Z:/CS-401-1-CompArch/MP3/CU_DPU/CU_DPU.srcs/sources_1/new/adder.vhd:7' bound to instance 'pcadd1' of component 'adder' [Z:/CS-401-1-CompArch/MP3/CU_DPU/CU_DPU.srcs/sources_1/new/data_path.vhd:86]
INFO: [Synth 8-638] synthesizing module 'adder' [Z:/CS-401-1-CompArch/MP3/CU_DPU/CU_DPU.srcs/sources_1/new/adder.vhd:13]
	Parameter width bound to: 32 - type: integer 
INFO: [Synth 8-256] done synthesizing module 'adder' (4#1) [Z:/CS-401-1-CompArch/MP3/CU_DPU/CU_DPU.srcs/sources_1/new/adder.vhd:13]
	Parameter width bound to: 32 - type: integer 
INFO: [Synth 8-3491] module 'adder' declared at 'Z:/CS-401-1-CompArch/MP3/CU_DPU/CU_DPU.srcs/sources_1/new/adder.vhd:7' bound to instance 'pcadd2' of component 'adder' [Z:/CS-401-1-CompArch/MP3/CU_DPU/CU_DPU.srcs/sources_1/new/data_path.vhd:88]
	Parameter width bound to: 32 - type: integer 
INFO: [Synth 8-3491] module 'mux2' declared at 'Z:/CS-401-1-CompArch/MP3/CU_DPU/CU_DPU.srcs/sources_1/new/mux2.vhd:4' bound to instance 'pcbrmux' of component 'mux2' [Z:/CS-401-1-CompArch/MP3/CU_DPU/CU_DPU.srcs/sources_1/new/data_path.vhd:89]
INFO: [Synth 8-638] synthesizing module 'mux2' [Z:/CS-401-1-CompArch/MP3/CU_DPU/CU_DPU.srcs/sources_1/new/mux2.vhd:11]
	Parameter width bound to: 32 - type: integer 
INFO: [Synth 8-256] done synthesizing module 'mux2' (5#1) [Z:/CS-401-1-CompArch/MP3/CU_DPU/CU_DPU.srcs/sources_1/new/mux2.vhd:11]
	Parameter width bound to: 32 - type: integer 
INFO: [Synth 8-3491] module 'mux2' declared at 'Z:/CS-401-1-CompArch/MP3/CU_DPU/CU_DPU.srcs/sources_1/new/mux2.vhd:4' bound to instance 'pcmux' of component 'mux2' [Z:/CS-401-1-CompArch/MP3/CU_DPU/CU_DPU.srcs/sources_1/new/data_path.vhd:90]
	Parameter width bound to: 32 - type: integer 
INFO: [Synth 8-3491] module 'regfile' declared at 'Z:/CS-401-1-CompArch/MP3/CU_DPU/CU_DPU.srcs/sources_1/new/registerfile.vhd:11' bound to instance 'rf' of component 'regfile' [Z:/CS-401-1-CompArch/MP3/CU_DPU/CU_DPU.srcs/sources_1/new/data_path.vhd:93]
INFO: [Synth 8-638] synthesizing module 'regfile' [Z:/CS-401-1-CompArch/MP3/CU_DPU/CU_DPU.srcs/sources_1/new/registerfile.vhd:22]
	Parameter width bound to: 32 - type: integer 
INFO: [Synth 8-256] done synthesizing module 'regfile' (6#1) [Z:/CS-401-1-CompArch/MP3/CU_DPU/CU_DPU.srcs/sources_1/new/registerfile.vhd:22]
	Parameter width bound to: 8 - type: integer 
INFO: [Synth 8-3491] module 'mux2' declared at 'Z:/CS-401-1-CompArch/MP3/CU_DPU/CU_DPU.srcs/sources_1/new/mux2.vhd:4' bound to instance 'wrmux' of component 'mux2' [Z:/CS-401-1-CompArch/MP3/CU_DPU/CU_DPU.srcs/sources_1/new/data_path.vhd:100]
INFO: [Synth 8-638] synthesizing module 'mux2__parameterized2' [Z:/CS-401-1-CompArch/MP3/CU_DPU/CU_DPU.srcs/sources_1/new/mux2.vhd:11]
	Parameter width bound to: 8 - type: integer 
INFO: [Synth 8-256] done synthesizing module 'mux2__parameterized2' (6#1) [Z:/CS-401-1-CompArch/MP3/CU_DPU/CU_DPU.srcs/sources_1/new/mux2.vhd:11]
	Parameter width bound to: 32 - type: integer 
INFO: [Synth 8-3491] module 'mux2' declared at 'Z:/CS-401-1-CompArch/MP3/CU_DPU/CU_DPU.srcs/sources_1/new/mux2.vhd:4' bound to instance 'resmux' of component 'mux2' [Z:/CS-401-1-CompArch/MP3/CU_DPU/CU_DPU.srcs/sources_1/new/data_path.vhd:104]
	Parameter width bound to: 32 - type: integer 
INFO: [Synth 8-3491] module 'signext' declared at 'Z:/CS-401-1-CompArch/MP3/CU_DPU/CU_DPU.srcs/sources_1/new/signextender.vhd:5' bound to instance 'se' of component 'signext' [Z:/CS-401-1-CompArch/MP3/CU_DPU/CU_DPU.srcs/sources_1/new/data_path.vhd:108]
INFO: [Synth 8-638] synthesizing module 'signext' [Z:/CS-401-1-CompArch/MP3/CU_DPU/CU_DPU.srcs/sources_1/new/signextender.vhd:11]
	Parameter width bound to: 32 - type: integer 
INFO: [Synth 8-256] done synthesizing module 'signext' (7#1) [Z:/CS-401-1-CompArch/MP3/CU_DPU/CU_DPU.srcs/sources_1/new/signextender.vhd:11]
	Parameter width bound to: 32 - type: integer 
INFO: [Synth 8-3491] module 'mux2' declared at 'Z:/CS-401-1-CompArch/MP3/CU_DPU/CU_DPU.srcs/sources_1/new/mux2.vhd:4' bound to instance 'srcbmux' of component 'mux2' [Z:/CS-401-1-CompArch/MP3/CU_DPU/CU_DPU.srcs/sources_1/new/data_path.vhd:111]
	Parameter width bound to: 32 - type: integer 
INFO: [Synth 8-3491] module 'alu' declared at 'Z:/CS-401-1-CompArch/MP3/CU_DPU/CU_DPU.srcs/sources_1/new/alu.vhd:11' bound to instance 'mainalu' of component 'alu' [Z:/CS-401-1-CompArch/MP3/CU_DPU/CU_DPU.srcs/sources_1/new/data_path.vhd:115]
INFO: [Synth 8-638] synthesizing module 'alu' [Z:/CS-401-1-CompArch/MP3/CU_DPU/CU_DPU.srcs/sources_1/new/alu.vhd:21]
	Parameter width bound to: 32 - type: integer 
INFO: [Synth 8-256] done synthesizing module 'alu' (8#1) [Z:/CS-401-1-CompArch/MP3/CU_DPU/CU_DPU.srcs/sources_1/new/alu.vhd:21]
WARNING: [Synth 8-3848] Net signimmsh in module/entity data_path does not have driver. [Z:/CS-401-1-CompArch/MP3/CU_DPU/CU_DPU.srcs/sources_1/new/data_path.vhd:73]
INFO: [Synth 8-256] done synthesizing module 'data_path' (9#1) [Z:/CS-401-1-CompArch/MP3/CU_DPU/CU_DPU.srcs/sources_1/new/data_path.vhd:22]
INFO: [Synth 8-256] done synthesizing module 'processor' (10#1) [Z:/CS-401-1-CompArch/MP3/CU_DPU/CU_DPU.srcs/sources_1/new/processor.vhd:29]
	Parameter width bound to: 32 - type: integer 
INFO: [Synth 8-3491] module 'imem' declared at 'Z:/CS-401-1-CompArch/MP3/CU_DPU/CU_DPU.srcs/sources_1/new/mem_instructions.vhd:10' bound to instance 'imem1' of component 'imem' [Z:/CS-401-1-CompArch/MP3/CU_DPU/CU_DPU.srcs/sources_1/new/processor_top.vhd:57]
INFO: [Synth 8-638] synthesizing module 'imem' [Z:/CS-401-1-CompArch/MP3/CU_DPU/CU_DPU.srcs/sources_1/new/mem_instructions.vhd:16]
	Parameter width bound to: 32 - type: integer 
ERROR: [Synth 8-3302] unable to open file 'memfile_1.dat' in 'r' mode [Z:/CS-401-1-CompArch/MP3/CU_DPU/CU_DPU.srcs/sources_1/new/mem_instructions.vhd:27]
ERROR: [Synth 8-421] mismatched array sizes in rhs and lhs of assignment [Z:/CS-401-1-CompArch/MP3/CU_DPU/CU_DPU.srcs/sources_1/new/mem_instructions.vhd:64]
ERROR: [Synth 8-285] failed synthesizing module 'imem' [Z:/CS-401-1-CompArch/MP3/CU_DPU/CU_DPU.srcs/sources_1/new/mem_instructions.vhd:16]
ERROR: [Synth 8-285] failed synthesizing module 'processor_top' [Z:/CS-401-1-CompArch/MP3/CU_DPU/CU_DPU.srcs/sources_1/new/processor_top.vhd:18]
---------------------------------------------------------------------------------
Finished RTL Elaboration : Time (s): cpu = 00:00:03 ; elapsed = 00:00:03 . Memory (MB): peak = 967.363 ; gain = 1.410
---------------------------------------------------------------------------------
RTL Elaboration failed
40 Infos, 1 Warnings, 0 Critical Warnings and 5 Errors encountered.
synth_design failed
ERROR: [Vivado_Tcl 4-5] Elaboration failed - please see the console for details
synth_design -rtl -name rtl_1
Command: synth_design -rtl -name rtl_1
Starting synth_design
Using part: xc7a100tcsg324-1
Top: processor_top
---------------------------------------------------------------------------------
Starting RTL Elaboration : Time (s): cpu = 00:00:02 ; elapsed = 00:00:02 . Memory (MB): peak = 967.363 ; gain = 0.000
---------------------------------------------------------------------------------
INFO: [Synth 8-638] synthesizing module 'processor_top' [Z:/CS-401-1-CompArch/MP3/CU_DPU/CU_DPU.srcs/sources_1/new/processor_top.vhd:18]
	Parameter width bound to: 32 - type: integer 
INFO: [Synth 8-3491] module 'processor' declared at 'Z:/CS-401-1-CompArch/MP3/CU_DPU/CU_DPU.srcs/sources_1/new/processor.vhd:14' bound to instance 'processor1' of component 'processor' [Z:/CS-401-1-CompArch/MP3/CU_DPU/CU_DPU.srcs/sources_1/new/processor_top.vhd:54]
INFO: [Synth 8-638] synthesizing module 'processor' [Z:/CS-401-1-CompArch/MP3/CU_DPU/CU_DPU.srcs/sources_1/new/processor.vhd:29]
	Parameter width bound to: 32 - type: integer 
INFO: [Synth 8-3491] module 'control_unit' declared at 'Z:/CS-401-1-CompArch/MP3/CU_DPU/CU_DPU.srcs/sources_1/new/control_unit.vhd:5' bound to instance 'cont' of component 'control_unit' [Z:/CS-401-1-CompArch/MP3/CU_DPU/CU_DPU.srcs/sources_1/new/processor.vhd:59]
INFO: [Synth 8-638] synthesizing module 'control_unit' [Z:/CS-401-1-CompArch/MP3/CU_DPU/CU_DPU.srcs/sources_1/new/control_unit.vhd:15]
INFO: [Synth 8-3491] module 'main_decoder' declared at 'Z:/CS-401-1-CompArch/MP3/CU_DPU/CU_DPU.srcs/sources_1/new/main_decoder.vhd:6' bound to instance 'main_dc' of component 'main_decoder' [Z:/CS-401-1-CompArch/MP3/CU_DPU/CU_DPU.srcs/sources_1/new/control_unit.vhd:29]
INFO: [Synth 8-638] synthesizing module 'main_decoder' [Z:/CS-401-1-CompArch/MP3/CU_DPU/CU_DPU.srcs/sources_1/new/main_decoder.vhd:16]
INFO: [Synth 8-256] done synthesizing module 'main_decoder' (1#1) [Z:/CS-401-1-CompArch/MP3/CU_DPU/CU_DPU.srcs/sources_1/new/main_decoder.vhd:16]
INFO: [Synth 8-256] done synthesizing module 'control_unit' (2#1) [Z:/CS-401-1-CompArch/MP3/CU_DPU/CU_DPU.srcs/sources_1/new/control_unit.vhd:15]
	Parameter width bound to: 32 - type: integer 
INFO: [Synth 8-3491] module 'data_path' declared at 'Z:/CS-401-1-CompArch/MP3/CU_DPU/CU_DPU.srcs/sources_1/new/data_path.vhd:7' bound to instance 'dp' of component 'data_path' [Z:/CS-401-1-CompArch/MP3/CU_DPU/CU_DPU.srcs/sources_1/new/processor.vhd:66]
INFO: [Synth 8-638] synthesizing module 'data_path' [Z:/CS-401-1-CompArch/MP3/CU_DPU/CU_DPU.srcs/sources_1/new/data_path.vhd:22]
	Parameter width bound to: 32 - type: integer 
	Parameter width bound to: 32 - type: integer 
INFO: [Synth 8-3491] module 'flopr' declared at 'Z:/CS-401-1-CompArch/MP3/CU_DPU/CU_DPU.srcs/sources_1/new/flipflop.vhd:5' bound to instance 'pcreg' of component 'flopr' [Z:/CS-401-1-CompArch/MP3/CU_DPU/CU_DPU.srcs/sources_1/new/data_path.vhd:85]
INFO: [Synth 8-638] synthesizing module 'flopr' [Z:/CS-401-1-CompArch/MP3/CU_DPU/CU_DPU.srcs/sources_1/new/flipflop.vhd:12]
	Parameter width bound to: 32 - type: integer 
INFO: [Synth 8-256] done synthesizing module 'flopr' (3#1) [Z:/CS-401-1-CompArch/MP3/CU_DPU/CU_DPU.srcs/sources_1/new/flipflop.vhd:12]
	Parameter width bound to: 32 - type: integer 
INFO: [Synth 8-3491] module 'adder' declared at 'Z:/CS-401-1-CompArch/MP3/CU_DPU/CU_DPU.srcs/sources_1/new/adder.vhd:7' bound to instance 'pcadd1' of component 'adder' [Z:/CS-401-1-CompArch/MP3/CU_DPU/CU_DPU.srcs/sources_1/new/data_path.vhd:86]
INFO: [Synth 8-638] synthesizing module 'adder' [Z:/CS-401-1-CompArch/MP3/CU_DPU/CU_DPU.srcs/sources_1/new/adder.vhd:13]
	Parameter width bound to: 32 - type: integer 
INFO: [Synth 8-256] done synthesizing module 'adder' (4#1) [Z:/CS-401-1-CompArch/MP3/CU_DPU/CU_DPU.srcs/sources_1/new/adder.vhd:13]
	Parameter width bound to: 32 - type: integer 
INFO: [Synth 8-3491] module 'adder' declared at 'Z:/CS-401-1-CompArch/MP3/CU_DPU/CU_DPU.srcs/sources_1/new/adder.vhd:7' bound to instance 'pcadd2' of component 'adder' [Z:/CS-401-1-CompArch/MP3/CU_DPU/CU_DPU.srcs/sources_1/new/data_path.vhd:88]
	Parameter width bound to: 32 - type: integer 
INFO: [Synth 8-3491] module 'mux2' declared at 'Z:/CS-401-1-CompArch/MP3/CU_DPU/CU_DPU.srcs/sources_1/new/mux2.vhd:4' bound to instance 'pcbrmux' of component 'mux2' [Z:/CS-401-1-CompArch/MP3/CU_DPU/CU_DPU.srcs/sources_1/new/data_path.vhd:89]
INFO: [Synth 8-638] synthesizing module 'mux2' [Z:/CS-401-1-CompArch/MP3/CU_DPU/CU_DPU.srcs/sources_1/new/mux2.vhd:11]
	Parameter width bound to: 32 - type: integer 
INFO: [Synth 8-256] done synthesizing module 'mux2' (5#1) [Z:/CS-401-1-CompArch/MP3/CU_DPU/CU_DPU.srcs/sources_1/new/mux2.vhd:11]
	Parameter width bound to: 32 - type: integer 
INFO: [Synth 8-3491] module 'mux2' declared at 'Z:/CS-401-1-CompArch/MP3/CU_DPU/CU_DPU.srcs/sources_1/new/mux2.vhd:4' bound to instance 'pcmux' of component 'mux2' [Z:/CS-401-1-CompArch/MP3/CU_DPU/CU_DPU.srcs/sources_1/new/data_path.vhd:90]
	Parameter width bound to: 32 - type: integer 
INFO: [Synth 8-3491] module 'regfile' declared at 'Z:/CS-401-1-CompArch/MP3/CU_DPU/CU_DPU.srcs/sources_1/new/registerfile.vhd:11' bound to instance 'rf' of component 'regfile' [Z:/CS-401-1-CompArch/MP3/CU_DPU/CU_DPU.srcs/sources_1/new/data_path.vhd:93]
INFO: [Synth 8-638] synthesizing module 'regfile' [Z:/CS-401-1-CompArch/MP3/CU_DPU/CU_DPU.srcs/sources_1/new/registerfile.vhd:22]
	Parameter width bound to: 32 - type: integer 
INFO: [Synth 8-256] done synthesizing module 'regfile' (6#1) [Z:/CS-401-1-CompArch/MP3/CU_DPU/CU_DPU.srcs/sources_1/new/registerfile.vhd:22]
	Parameter width bound to: 8 - type: integer 
INFO: [Synth 8-3491] module 'mux2' declared at 'Z:/CS-401-1-CompArch/MP3/CU_DPU/CU_DPU.srcs/sources_1/new/mux2.vhd:4' bound to instance 'wrmux' of component 'mux2' [Z:/CS-401-1-CompArch/MP3/CU_DPU/CU_DPU.srcs/sources_1/new/data_path.vhd:100]
INFO: [Synth 8-638] synthesizing module 'mux2__parameterized2' [Z:/CS-401-1-CompArch/MP3/CU_DPU/CU_DPU.srcs/sources_1/new/mux2.vhd:11]
	Parameter width bound to: 8 - type: integer 
INFO: [Synth 8-256] done synthesizing module 'mux2__parameterized2' (6#1) [Z:/CS-401-1-CompArch/MP3/CU_DPU/CU_DPU.srcs/sources_1/new/mux2.vhd:11]
	Parameter width bound to: 32 - type: integer 
INFO: [Synth 8-3491] module 'mux2' declared at 'Z:/CS-401-1-CompArch/MP3/CU_DPU/CU_DPU.srcs/sources_1/new/mux2.vhd:4' bound to instance 'resmux' of component 'mux2' [Z:/CS-401-1-CompArch/MP3/CU_DPU/CU_DPU.srcs/sources_1/new/data_path.vhd:104]
	Parameter width bound to: 32 - type: integer 
INFO: [Synth 8-3491] module 'signext' declared at 'Z:/CS-401-1-CompArch/MP3/CU_DPU/CU_DPU.srcs/sources_1/new/signextender.vhd:5' bound to instance 'se' of component 'signext' [Z:/CS-401-1-CompArch/MP3/CU_DPU/CU_DPU.srcs/sources_1/new/data_path.vhd:108]
INFO: [Synth 8-638] synthesizing module 'signext' [Z:/CS-401-1-CompArch/MP3/CU_DPU/CU_DPU.srcs/sources_1/new/signextender.vhd:11]
	Parameter width bound to: 32 - type: integer 
INFO: [Synth 8-256] done synthesizing module 'signext' (7#1) [Z:/CS-401-1-CompArch/MP3/CU_DPU/CU_DPU.srcs/sources_1/new/signextender.vhd:11]
	Parameter width bound to: 32 - type: integer 
INFO: [Synth 8-3491] module 'mux2' declared at 'Z:/CS-401-1-CompArch/MP3/CU_DPU/CU_DPU.srcs/sources_1/new/mux2.vhd:4' bound to instance 'srcbmux' of component 'mux2' [Z:/CS-401-1-CompArch/MP3/CU_DPU/CU_DPU.srcs/sources_1/new/data_path.vhd:111]
	Parameter width bound to: 32 - type: integer 
INFO: [Synth 8-3491] module 'alu' declared at 'Z:/CS-401-1-CompArch/MP3/CU_DPU/CU_DPU.srcs/sources_1/new/alu.vhd:11' bound to instance 'mainalu' of component 'alu' [Z:/CS-401-1-CompArch/MP3/CU_DPU/CU_DPU.srcs/sources_1/new/data_path.vhd:115]
INFO: [Synth 8-638] synthesizing module 'alu' [Z:/CS-401-1-CompArch/MP3/CU_DPU/CU_DPU.srcs/sources_1/new/alu.vhd:21]
	Parameter width bound to: 32 - type: integer 
INFO: [Synth 8-256] done synthesizing module 'alu' (8#1) [Z:/CS-401-1-CompArch/MP3/CU_DPU/CU_DPU.srcs/sources_1/new/alu.vhd:21]
WARNING: [Synth 8-3848] Net signimmsh in module/entity data_path does not have driver. [Z:/CS-401-1-CompArch/MP3/CU_DPU/CU_DPU.srcs/sources_1/new/data_path.vhd:73]
INFO: [Synth 8-256] done synthesizing module 'data_path' (9#1) [Z:/CS-401-1-CompArch/MP3/CU_DPU/CU_DPU.srcs/sources_1/new/data_path.vhd:22]
INFO: [Synth 8-256] done synthesizing module 'processor' (10#1) [Z:/CS-401-1-CompArch/MP3/CU_DPU/CU_DPU.srcs/sources_1/new/processor.vhd:29]
	Parameter width bound to: 32 - type: integer 
INFO: [Synth 8-3491] module 'imem' declared at 'Z:/CS-401-1-CompArch/MP3/CU_DPU/CU_DPU.srcs/sources_1/new/mem_instructions.vhd:10' bound to instance 'imem1' of component 'imem' [Z:/CS-401-1-CompArch/MP3/CU_DPU/CU_DPU.srcs/sources_1/new/processor_top.vhd:57]
INFO: [Synth 8-638] synthesizing module 'imem' [Z:/CS-401-1-CompArch/MP3/CU_DPU/CU_DPU.srcs/sources_1/new/mem_instructions.vhd:16]
	Parameter width bound to: 32 - type: integer 
ERROR: [Synth 8-3302] unable to open file 'memfile_1.dat' in 'r' mode [Z:/CS-401-1-CompArch/MP3/CU_DPU/CU_DPU.srcs/sources_1/new/mem_instructions.vhd:27]
ERROR: [Synth 8-421] mismatched array sizes in rhs and lhs of assignment [Z:/CS-401-1-CompArch/MP3/CU_DPU/CU_DPU.srcs/sources_1/new/mem_instructions.vhd:64]
ERROR: [Synth 8-285] failed synthesizing module 'imem' [Z:/CS-401-1-CompArch/MP3/CU_DPU/CU_DPU.srcs/sources_1/new/mem_instructions.vhd:16]
ERROR: [Synth 8-285] failed synthesizing module 'processor_top' [Z:/CS-401-1-CompArch/MP3/CU_DPU/CU_DPU.srcs/sources_1/new/processor_top.vhd:18]
---------------------------------------------------------------------------------
Finished RTL Elaboration : Time (s): cpu = 00:00:03 ; elapsed = 00:00:03 . Memory (MB): peak = 970.836 ; gain = 3.473
---------------------------------------------------------------------------------
RTL Elaboration failed
40 Infos, 1 Warnings, 0 Critical Warnings and 5 Errors encountered.
synth_design failed
ERROR: [Vivado_Tcl 4-5] Elaboration failed - please see the console for details
import_files -norecurse Z:/CS-401-1-CompArch/MP3/CU_DPU_test1/CU_DPU.srcs/sources_1/new/memfile_1.dat
synth_design -rtl -name rtl_1
Command: synth_design -rtl -name rtl_1
Starting synth_design
Using part: xc7a100tcsg324-1
Top: processor_top
---------------------------------------------------------------------------------
Starting RTL Elaboration : Time (s): cpu = 00:00:02 ; elapsed = 00:00:02 . Memory (MB): peak = 970.836 ; gain = 0.000
---------------------------------------------------------------------------------
INFO: [Synth 8-638] synthesizing module 'processor_top' [Z:/CS-401-1-CompArch/MP3/CU_DPU/CU_DPU.srcs/sources_1/new/processor_top.vhd:18]
	Parameter width bound to: 32 - type: integer 
INFO: [Synth 8-3491] module 'processor' declared at 'Z:/CS-401-1-CompArch/MP3/CU_DPU/CU_DPU.srcs/sources_1/new/processor.vhd:14' bound to instance 'processor1' of component 'processor' [Z:/CS-401-1-CompArch/MP3/CU_DPU/CU_DPU.srcs/sources_1/new/processor_top.vhd:54]
INFO: [Synth 8-638] synthesizing module 'processor' [Z:/CS-401-1-CompArch/MP3/CU_DPU/CU_DPU.srcs/sources_1/new/processor.vhd:29]
	Parameter width bound to: 32 - type: integer 
INFO: [Synth 8-3491] module 'control_unit' declared at 'Z:/CS-401-1-CompArch/MP3/CU_DPU/CU_DPU.srcs/sources_1/new/control_unit.vhd:5' bound to instance 'cont' of component 'control_unit' [Z:/CS-401-1-CompArch/MP3/CU_DPU/CU_DPU.srcs/sources_1/new/processor.vhd:59]
INFO: [Synth 8-638] synthesizing module 'control_unit' [Z:/CS-401-1-CompArch/MP3/CU_DPU/CU_DPU.srcs/sources_1/new/control_unit.vhd:15]
INFO: [Synth 8-3491] module 'main_decoder' declared at 'Z:/CS-401-1-CompArch/MP3/CU_DPU/CU_DPU.srcs/sources_1/new/main_decoder.vhd:6' bound to instance 'main_dc' of component 'main_decoder' [Z:/CS-401-1-CompArch/MP3/CU_DPU/CU_DPU.srcs/sources_1/new/control_unit.vhd:29]
INFO: [Synth 8-638] synthesizing module 'main_decoder' [Z:/CS-401-1-CompArch/MP3/CU_DPU/CU_DPU.srcs/sources_1/new/main_decoder.vhd:16]
INFO: [Synth 8-256] done synthesizing module 'main_decoder' (1#1) [Z:/CS-401-1-CompArch/MP3/CU_DPU/CU_DPU.srcs/sources_1/new/main_decoder.vhd:16]
INFO: [Synth 8-256] done synthesizing module 'control_unit' (2#1) [Z:/CS-401-1-CompArch/MP3/CU_DPU/CU_DPU.srcs/sources_1/new/control_unit.vhd:15]
	Parameter width bound to: 32 - type: integer 
INFO: [Synth 8-3491] module 'data_path' declared at 'Z:/CS-401-1-CompArch/MP3/CU_DPU/CU_DPU.srcs/sources_1/new/data_path.vhd:7' bound to instance 'dp' of component 'data_path' [Z:/CS-401-1-CompArch/MP3/CU_DPU/CU_DPU.srcs/sources_1/new/processor.vhd:66]
INFO: [Synth 8-638] synthesizing module 'data_path' [Z:/CS-401-1-CompArch/MP3/CU_DPU/CU_DPU.srcs/sources_1/new/data_path.vhd:22]
	Parameter width bound to: 32 - type: integer 
	Parameter width bound to: 32 - type: integer 
INFO: [Synth 8-3491] module 'flopr' declared at 'Z:/CS-401-1-CompArch/MP3/CU_DPU/CU_DPU.srcs/sources_1/new/flipflop.vhd:5' bound to instance 'pcreg' of component 'flopr' [Z:/CS-401-1-CompArch/MP3/CU_DPU/CU_DPU.srcs/sources_1/new/data_path.vhd:85]
INFO: [Synth 8-638] synthesizing module 'flopr' [Z:/CS-401-1-CompArch/MP3/CU_DPU/CU_DPU.srcs/sources_1/new/flipflop.vhd:12]
	Parameter width bound to: 32 - type: integer 
INFO: [Synth 8-256] done synthesizing module 'flopr' (3#1) [Z:/CS-401-1-CompArch/MP3/CU_DPU/CU_DPU.srcs/sources_1/new/flipflop.vhd:12]
	Parameter width bound to: 32 - type: integer 
INFO: [Synth 8-3491] module 'adder' declared at 'Z:/CS-401-1-CompArch/MP3/CU_DPU/CU_DPU.srcs/sources_1/new/adder.vhd:7' bound to instance 'pcadd1' of component 'adder' [Z:/CS-401-1-CompArch/MP3/CU_DPU/CU_DPU.srcs/sources_1/new/data_path.vhd:86]
INFO: [Synth 8-638] synthesizing module 'adder' [Z:/CS-401-1-CompArch/MP3/CU_DPU/CU_DPU.srcs/sources_1/new/adder.vhd:13]
	Parameter width bound to: 32 - type: integer 
INFO: [Synth 8-256] done synthesizing module 'adder' (4#1) [Z:/CS-401-1-CompArch/MP3/CU_DPU/CU_DPU.srcs/sources_1/new/adder.vhd:13]
	Parameter width bound to: 32 - type: integer 
INFO: [Synth 8-3491] module 'adder' declared at 'Z:/CS-401-1-CompArch/MP3/CU_DPU/CU_DPU.srcs/sources_1/new/adder.vhd:7' bound to instance 'pcadd2' of component 'adder' [Z:/CS-401-1-CompArch/MP3/CU_DPU/CU_DPU.srcs/sources_1/new/data_path.vhd:88]
	Parameter width bound to: 32 - type: integer 
INFO: [Synth 8-3491] module 'mux2' declared at 'Z:/CS-401-1-CompArch/MP3/CU_DPU/CU_DPU.srcs/sources_1/new/mux2.vhd:4' bound to instance 'pcbrmux' of component 'mux2' [Z:/CS-401-1-CompArch/MP3/CU_DPU/CU_DPU.srcs/sources_1/new/data_path.vhd:89]
INFO: [Synth 8-638] synthesizing module 'mux2' [Z:/CS-401-1-CompArch/MP3/CU_DPU/CU_DPU.srcs/sources_1/new/mux2.vhd:11]
	Parameter width bound to: 32 - type: integer 
INFO: [Synth 8-256] done synthesizing module 'mux2' (5#1) [Z:/CS-401-1-CompArch/MP3/CU_DPU/CU_DPU.srcs/sources_1/new/mux2.vhd:11]
	Parameter width bound to: 32 - type: integer 
INFO: [Synth 8-3491] module 'mux2' declared at 'Z:/CS-401-1-CompArch/MP3/CU_DPU/CU_DPU.srcs/sources_1/new/mux2.vhd:4' bound to instance 'pcmux' of component 'mux2' [Z:/CS-401-1-CompArch/MP3/CU_DPU/CU_DPU.srcs/sources_1/new/data_path.vhd:90]
	Parameter width bound to: 32 - type: integer 
INFO: [Synth 8-3491] module 'regfile' declared at 'Z:/CS-401-1-CompArch/MP3/CU_DPU/CU_DPU.srcs/sources_1/new/registerfile.vhd:11' bound to instance 'rf' of component 'regfile' [Z:/CS-401-1-CompArch/MP3/CU_DPU/CU_DPU.srcs/sources_1/new/data_path.vhd:93]
INFO: [Synth 8-638] synthesizing module 'regfile' [Z:/CS-401-1-CompArch/MP3/CU_DPU/CU_DPU.srcs/sources_1/new/registerfile.vhd:22]
	Parameter width bound to: 32 - type: integer 
INFO: [Synth 8-256] done synthesizing module 'regfile' (6#1) [Z:/CS-401-1-CompArch/MP3/CU_DPU/CU_DPU.srcs/sources_1/new/registerfile.vhd:22]
	Parameter width bound to: 8 - type: integer 
INFO: [Synth 8-3491] module 'mux2' declared at 'Z:/CS-401-1-CompArch/MP3/CU_DPU/CU_DPU.srcs/sources_1/new/mux2.vhd:4' bound to instance 'wrmux' of component 'mux2' [Z:/CS-401-1-CompArch/MP3/CU_DPU/CU_DPU.srcs/sources_1/new/data_path.vhd:100]
INFO: [Synth 8-638] synthesizing module 'mux2__parameterized2' [Z:/CS-401-1-CompArch/MP3/CU_DPU/CU_DPU.srcs/sources_1/new/mux2.vhd:11]
	Parameter width bound to: 8 - type: integer 
INFO: [Synth 8-256] done synthesizing module 'mux2__parameterized2' (6#1) [Z:/CS-401-1-CompArch/MP3/CU_DPU/CU_DPU.srcs/sources_1/new/mux2.vhd:11]
	Parameter width bound to: 32 - type: integer 
INFO: [Synth 8-3491] module 'mux2' declared at 'Z:/CS-401-1-CompArch/MP3/CU_DPU/CU_DPU.srcs/sources_1/new/mux2.vhd:4' bound to instance 'resmux' of component 'mux2' [Z:/CS-401-1-CompArch/MP3/CU_DPU/CU_DPU.srcs/sources_1/new/data_path.vhd:104]
	Parameter width bound to: 32 - type: integer 
INFO: [Synth 8-3491] module 'signext' declared at 'Z:/CS-401-1-CompArch/MP3/CU_DPU/CU_DPU.srcs/sources_1/new/signextender.vhd:5' bound to instance 'se' of component 'signext' [Z:/CS-401-1-CompArch/MP3/CU_DPU/CU_DPU.srcs/sources_1/new/data_path.vhd:108]
INFO: [Synth 8-638] synthesizing module 'signext' [Z:/CS-401-1-CompArch/MP3/CU_DPU/CU_DPU.srcs/sources_1/new/signextender.vhd:11]
	Parameter width bound to: 32 - type: integer 
INFO: [Synth 8-256] done synthesizing module 'signext' (7#1) [Z:/CS-401-1-CompArch/MP3/CU_DPU/CU_DPU.srcs/sources_1/new/signextender.vhd:11]
	Parameter width bound to: 32 - type: integer 
INFO: [Synth 8-3491] module 'mux2' declared at 'Z:/CS-401-1-CompArch/MP3/CU_DPU/CU_DPU.srcs/sources_1/new/mux2.vhd:4' bound to instance 'srcbmux' of component 'mux2' [Z:/CS-401-1-CompArch/MP3/CU_DPU/CU_DPU.srcs/sources_1/new/data_path.vhd:111]
	Parameter width bound to: 32 - type: integer 
INFO: [Synth 8-3491] module 'alu' declared at 'Z:/CS-401-1-CompArch/MP3/CU_DPU/CU_DPU.srcs/sources_1/new/alu.vhd:11' bound to instance 'mainalu' of component 'alu' [Z:/CS-401-1-CompArch/MP3/CU_DPU/CU_DPU.srcs/sources_1/new/data_path.vhd:115]
INFO: [Synth 8-638] synthesizing module 'alu' [Z:/CS-401-1-CompArch/MP3/CU_DPU/CU_DPU.srcs/sources_1/new/alu.vhd:21]
	Parameter width bound to: 32 - type: integer 
INFO: [Synth 8-256] done synthesizing module 'alu' (8#1) [Z:/CS-401-1-CompArch/MP3/CU_DPU/CU_DPU.srcs/sources_1/new/alu.vhd:21]
WARNING: [Synth 8-3848] Net signimmsh in module/entity data_path does not have driver. [Z:/CS-401-1-CompArch/MP3/CU_DPU/CU_DPU.srcs/sources_1/new/data_path.vhd:73]
INFO: [Synth 8-256] done synthesizing module 'data_path' (9#1) [Z:/CS-401-1-CompArch/MP3/CU_DPU/CU_DPU.srcs/sources_1/new/data_path.vhd:22]
INFO: [Synth 8-256] done synthesizing module 'processor' (10#1) [Z:/CS-401-1-CompArch/MP3/CU_DPU/CU_DPU.srcs/sources_1/new/processor.vhd:29]
	Parameter width bound to: 32 - type: integer 
INFO: [Synth 8-3491] module 'imem' declared at 'Z:/CS-401-1-CompArch/MP3/CU_DPU/CU_DPU.srcs/sources_1/new/mem_instructions.vhd:10' bound to instance 'imem1' of component 'imem' [Z:/CS-401-1-CompArch/MP3/CU_DPU/CU_DPU.srcs/sources_1/new/processor_top.vhd:57]
INFO: [Synth 8-638] synthesizing module 'imem' [Z:/CS-401-1-CompArch/MP3/CU_DPU/CU_DPU.srcs/sources_1/new/mem_instructions.vhd:16]
	Parameter width bound to: 32 - type: integer 
ERROR: [Synth 8-3302] unable to open file 'memfile_1.dat' in 'r' mode [Z:/CS-401-1-CompArch/MP3/CU_DPU/CU_DPU.srcs/sources_1/new/mem_instructions.vhd:27]
ERROR: [Synth 8-421] mismatched array sizes in rhs and lhs of assignment [Z:/CS-401-1-CompArch/MP3/CU_DPU/CU_DPU.srcs/sources_1/new/mem_instructions.vhd:64]
ERROR: [Synth 8-285] failed synthesizing module 'imem' [Z:/CS-401-1-CompArch/MP3/CU_DPU/CU_DPU.srcs/sources_1/new/mem_instructions.vhd:16]
ERROR: [Synth 8-285] failed synthesizing module 'processor_top' [Z:/CS-401-1-CompArch/MP3/CU_DPU/CU_DPU.srcs/sources_1/new/processor_top.vhd:18]
---------------------------------------------------------------------------------
Finished RTL Elaboration : Time (s): cpu = 00:00:03 ; elapsed = 00:00:03 . Memory (MB): peak = 975.750 ; gain = 4.914
---------------------------------------------------------------------------------
RTL Elaboration failed
40 Infos, 1 Warnings, 0 Critical Warnings and 5 Errors encountered.
synth_design failed
ERROR: [Vivado_Tcl 4-5] Elaboration failed - please see the console for details
exit
INFO: [Common 17-206] Exiting Vivado at Thu May  2 01:25:59 2019...
